[debug] [2025-06-10T22:45:23.294Z] ----------------------------------------------------------------------
[debug] [2025-06-10T22:45:23.298Z] Command:       /Users/ropa/.nvm/versions/node/v22.16.0/bin/node /Users/ropa/.nvm/versions/node/v22.16.0/bin/firebase init hosting
[debug] [2025-06-10T22:45:23.298Z] CLI Version:   14.6.0
[debug] [2025-06-10T22:45:23.298Z] Platform:      darwin
[debug] [2025-06-10T22:45:23.298Z] Node Version:  v22.16.0
[debug] [2025-06-10T22:45:23.298Z] Time:          Wed Jun 11 2025 00:45:23 GMT+0200 (hora de verano de Europa central)
[debug] [2025-06-10T22:45:23.298Z] ----------------------------------------------------------------------
[debug] 
[debug] [2025-06-10T22:45:23.301Z] > command requires scopes: ["email","openid","https://www.googleapis.com/auth/cloudplatformprojects.readonly","https://www.googleapis.com/auth/firebase","https://www.googleapis.com/auth/cloud-platform"]
[debug] [2025-06-10T22:45:23.301Z] > authorizing via signed-in user (felixalejandr33@gmail.com)
[info] 
     ######## #### ########  ######## ########     ###     ######  ########
     ##        ##  ##     ## ##       ##     ##  ##   ##  ##       ##
     ######    ##  ########  ######   ########  #########  ######  ######
     ##        ##  ##    ##  ##       ##     ## ##     ##       ## ##
     ##       #### ##     ## ######## ########  ##     ##  ######  ########

You're about to initialize a Firebase project in this directory:

  /Users/ropa/Develop/Atom_Test/backend

[info] 
=== Project Setup
[info] 
[info] First, let's associate this project directory with a Firebase project.
[info] You can create multiple project aliases by running firebase use --add, 
[info] but for now we'll just set up a default project.
[info] 
[debug] [2025-06-10T22:45:32.376Z] Checked if tokens are valid: true, expires at: 1749599101006
[debug] [2025-06-10T22:45:32.376Z] Checked if tokens are valid: true, expires at: 1749599101006
[debug] [2025-06-10T22:45:32.377Z] >>> [apiv2][query] GET https://firebase.googleapis.com/v1beta1/projects pageSize=100
[debug] [2025-06-10T22:45:32.864Z] <<< [apiv2][status] GET https://firebase.googleapis.com/v1beta1/projects 200
[debug] [2025-06-10T22:45:32.864Z] <<< [apiv2][body] GET https://firebase.googleapis.com/v1beta1/projects [omitted]
[info] i  Using project atomtest-8f695 (Atomtest) 
[info] 
=== Hosting Setup
[debug] [2025-06-10T22:45:38.222Z] Checked if tokens are valid: true, expires at: 1749599101006
[debug] [2025-06-10T22:45:38.222Z] Checked if tokens are valid: true, expires at: 1749599101006
[debug] [2025-06-10T22:45:38.223Z] >>> [apiv2][query] GET https://firebase.googleapis.com/v1beta1/projects/atomtest-8f695 [none]
[debug] [2025-06-10T22:45:38.588Z] <<< [apiv2][status] GET https://firebase.googleapis.com/v1beta1/projects/atomtest-8f695 200
[debug] [2025-06-10T22:45:38.588Z] <<< [apiv2][body] GET https://firebase.googleapis.com/v1beta1/projects/atomtest-8f695 {"projectId":"atomtest-8f695","projectNumber":"63273885929","displayName":"Atomtest","name":"projects/atomtest-8f695","resources":{"hostingSite":"atomtest-8f695"},"state":"ACTIVE","etag":"1_a3563d4c-a156-4e85-8a0e-89439c7d215e"}
[info] 
[info] Your public directory is the folder (relative to your project directory) that
[info] will contain Hosting assets to be uploaded with firebase deploy. If you
[info] have a build process for your assets, use your build's output directory.
[info] 
[debug] [2025-06-10T22:45:53.225Z] >>> [apiv2][query] GET https://www.gstatic.com/firebasejs/releases.json [none]
[debug] [2025-06-10T22:45:53.366Z] <<< [apiv2][status] GET https://www.gstatic.com/firebasejs/releases.json 200
[debug] [2025-06-10T22:45:53.367Z] <<< [apiv2][body] GET https://www.gstatic.com/firebasejs/releases.json {"current":{"version":"11.9.1","browserURL":"https://www.gstatic.com/firebasejs/11.9.1/firebase.js","packageURL":"https://www.gstatic.com/firebasejs/11.9.1/firebase.tgz"},"live":{"version":"11.9","browserURL":"https://www.gstatic.com/firebasejs/live/11.9/firebase.js","packageURL":"https://www.gstatic.com/firebasejs/live/11.9/firebase.tgz"},"components":{"ai":"https://www.gstatic.com/firebasejs/11.9.1/firebase-ai.js","analytics":"https://www.gstatic.com/firebasejs/11.9.1/firebase-analytics.js","app":"https://www.gstatic.com/firebasejs/11.9.1/firebase-app.js","app-check":"https://www.gstatic.com/firebasejs/11.9.1/firebase-app-check.js","auth":"https://www.gstatic.com/firebasejs/11.9.1/firebase-auth.js","auth/cordova":"https://www.gstatic.com/firebasejs/11.9.1/firebase-auth/cordova.js","auth/web-extension":"https://www.gstatic.com/firebasejs/11.9.1/firebase-auth/web-extension.js","functions":"https://www.gstatic.com/firebasejs/11.9.1/firebase-functions.js","firestore":"https://www.gstatic.com/firebasejs/11.9.1/firebase-firestore.js","firestore/lite":"https://www.gstatic.com/firebasejs/11.9.1/firebase-firestore/lite.js","installations":"https://www.gstatic.com/firebasejs/11.9.1/firebase-installations.js","storage":"https://www.gstatic.com/firebasejs/11.9.1/firebase-storage.js","performance":"https://www.gstatic.com/firebasejs/11.9.1/firebase-performance.js","remote-config":"https://www.gstatic.com/firebasejs/11.9.1/firebase-remote-config.js","messaging":"https://www.gstatic.com/firebasejs/11.9.1/firebase-messaging.js","messaging/sw":"https://www.gstatic.com/firebasejs/11.9.1/firebase-messaging/sw.js","database":"https://www.gstatic.com/firebasejs/11.9.1/firebase-database.js","vertexai":"https://www.gstatic.com/firebasejs/11.9.1/firebase-vertexai.js","data-connect":"https://www.gstatic.com/firebasejs/11.9.1/firebase-data-connect.js","firestore.memory":"https://www.gstatic.com/firebasejs/11.9.1/firebase-firestore.memory.js"}}
[info] ✔  Wrote public/index.html 
[info] 
[info] i  Didn't detect a .git folder. Assuming /Users/ropa/Develop/Atom_Test/backend is the project root. 
[info] i  Authorizing with GitHub to upload your service account to a GitHub repository's secrets store. 
[info] 
[info] Visit this URL on this device to log in:
[info] https://github.com/login/oauth/authorize?client_id=89cf50f02ac6aaed3484&state=538614349&redirect_uri=http%3A%2F%2Flocalhost%3A9005&scope=read%3Auser%20repo%20public_repo
[info] 
[info] Waiting for authentication...
[debug] [2025-06-10T22:46:01.166Z] >>> [apiv2][query] POST https://github.com/login/oauth/access_token [none]
[debug] [2025-06-10T22:46:01.166Z] >>> [apiv2][body] POST https://github.com/login/oauth/access_token [stream]
[debug] [2025-06-10T22:46:01.543Z] <<< [apiv2][status] POST https://github.com/login/oauth/access_token 200
[debug] [2025-06-10T22:46:01.543Z] <<< [apiv2][body] POST https://github.com/login/oauth/access_token {"access_token":"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","token_type":"bearer","scope":"read:user,repo"}
[debug] [2025-06-10T22:46:01.548Z] >>> [apiv2][query] GET https://api.github.com/user [none]
[debug] [2025-06-10T22:46:02.005Z] <<< [apiv2][status] GET https://api.github.com/user 200
[debug] [2025-06-10T22:46:02.005Z] <<< [apiv2][body] GET https://api.github.com/user {"login":"fearg1989","id":23490531,"node_id":"MDQ6VXNlcjIzNDkwNTMx","avatar_url":"https://avatars.githubusercontent.com/u/23490531?v=4","gravatar_id":"","url":"https://api.github.com/users/fearg1989","html_url":"https://github.com/fearg1989","followers_url":"https://api.github.com/users/fearg1989/followers","following_url":"https://api.github.com/users/fearg1989/following{/other_user}","gists_url":"https://api.github.com/users/fearg1989/gists{/gist_id}","starred_url":"https://api.github.com/users/fearg1989/starred{/owner}{/repo}","subscriptions_url":"https://api.github.com/users/fearg1989/subscriptions","organizations_url":"https://api.github.com/users/fearg1989/orgs","repos_url":"https://api.github.com/users/fearg1989/repos","events_url":"https://api.github.com/users/fearg1989/events{/privacy}","received_events_url":"https://api.github.com/users/fearg1989/received_events","type":"User","user_view_type":"private","site_admin":false,"name":null,"company":null,"blog":"","location":null,"email":null,"hireable":null,"bio":null,"twitter_username":null,"notification_email":null,"public_repos":5,"public_gists":0,"followers":3,"following":0,"created_at":"2016-11-16T02:18:20Z","updated_at":"2025-06-06T19:43:02Z","private_gists":0,"total_private_repos":0,"owned_private_repos":0,"disk_usage":56245,"collaborators":0,"two_factor_authentication":false,"plan":{"name":"free","space":976562499,"collaborators":0,"private_repos":10000}}
[info] 
[info] ✔  Success! Logged into GitHub as fearg1989 
[info] 
[debug] [2025-06-10T22:46:33.330Z] >>> [apiv2][query] GET https://api.github.com/repos//actions/secrets/public-key type=owner
[debug] [2025-06-10T22:46:33.638Z] <<< [apiv2][status] GET https://api.github.com/repos//actions/secrets/public-key 404
[debug] [2025-06-10T22:46:33.638Z] <<< [apiv2][body] GET https://api.github.com/repos//actions/secrets/public-key {"message":"Not Found","documentation_url":"https://docs.github.com/rest","status":"404"}
[info] 
[info] 
[error] ⚠  The provided authorization cannot be used with this repository. If this repository is in an organization, did you remember to grant access? 
[info] 
[info] i  Action required: Visit this URL to ensure access has been granted to the appropriate organization(s) for the Firebase CLI GitHub OAuth App: 
[info] https://github.com/settings/connections/applications/89cf50f02ac6aaed3484
[info] 
[debug] [2025-06-10T22:47:12.737Z] >>> [apiv2][query] GET https://api.github.com/repos//actions/secrets/public-key type=owner
[debug] [2025-06-10T22:47:13.215Z] <<< [apiv2][status] GET https://api.github.com/repos//actions/secrets/public-key 404
[debug] [2025-06-10T22:47:13.215Z] <<< [apiv2][body] GET https://api.github.com/repos//actions/secrets/public-key {"message":"Not Found","documentation_url":"https://docs.github.com/rest","status":"404"}
[info] 
[info] 
[error] ⚠  The provided authorization cannot be used with this repository. If this repository is in an organization, did you remember to grant access? 
[info] 
[info] i  Action required: Visit this URL to ensure access has been granted to the appropriate organization(s) for the Firebase CLI GitHub OAuth App: 
[info] https://github.com/settings/connections/applications/89cf50f02ac6aaed3484
[info] 
[debug] [2025-06-10T22:48:42.709Z] ExitPromptError: User force closed the prompt with SIGINT
    at Interface.sigint (/Users/ropa/.nvm/versions/node/v22.16.0/lib/node_modules/firebase-tools/node_modules/@inquirer/core/dist/commonjs/lib/create-prompt.js:101:37)
    at Interface.emit (node:events:518:28)
    at Interface.emit (node:domain:489:12)
    at [_ttyWrite] [as _ttyWrite] (node:internal/readline/interface:1128:18)
    at ReadStream.onkeypress (node:internal/readline/interface:267:20)
    at ReadStream.emit (node:events:530:35)
    at ReadStream.emit (node:domain:489:12)
    at emitKeys (node:internal/readline/utils:370:14)
    at emitKeys.next (<anonymous>)
    at ReadStream.onData (node:internal/readline/emitKeypressEvents:64:36)
[error] 
[error] Error: An unexpected error has occurred.
